各学年の人数は配布資料に記載
配属条件(取得単位など)は数学科と同じ
数学科の研究室含め第6志望まで

匂坂
・言語音声・音響分野。卒論は必須
・B4の1月に研究発表会での発表あり
・来年度退職のため,学部卒がメイン
伊藤
・工学寄り(流体,熱力,環境エネルギー,日本刀)
・東電などと共同研究
・材料科学専攻からの学生もいる.院からそちらに進学も可能
大石
・数値計算,計算機を用いた証明.卒論は任意
・一人1台マックブック配布
・柏木研との合同行事(夏合宿など)あり
柏木
・数値計算,制度保証計算ライブラリ
・卒論は必須でないが,書けば「プロジェクト研究」の単位付与
・今年度はドイツに出張してたが,来年からはまた早稲田に戻る
久藤
・非線形微分方程式,数理モデル,やや純粋数学寄り
・今年度着任のため,研究室0人.一期生になれる
・院進予定者は卒論必須,学部卒でもなるべく
小山
・代数的トポロジー,離散幾何
・(意外に)やさしい
・2年後退職のため,原則学部卒のみの受け入れ
清水
・確率過程,保険,金融,マルチンゲール
・確率統計とお酒が好きだとよい
・国際学生も多く,英語を鍛えたい人にも
高橋
・離散系,セルオートマトン
・連続版ライフゲーム(https://youtu.be/KJe9H6qS82I)の厳密化
・職人的計算(複雑な式をうまく弄る)などが好きな人によい
谷口
・推測,検定,データの因果関係,因子モデル
・卒業後は保険,金融のほか博士進学,研究者も多い
・卓球大会あり
豊泉
・確率モデル,戦略,ネットワーク構造
・本キャンでビジネス系の学生と共同の研究,ゼミあり
・概論に来ない.配属ガイダンスにも来ない
橋本
・整数論が専門.数学史なども選択可能
・留年,院進希望者は再来年度以降の面倒が見られないため不可
・来年度で退職
丸野
・可積分系,数理物理,ソリトン,パンルヴェ
・卒論は必須.外国の研究者もよく来るので英語ができてほしい
・男子学生が絶滅危惧なのでぜひきて.もちろん女子学生も歓迎
・院進では材料科学専攻にもいける
松嶋
・(情報,符号,学習)理論,情報セキュリティ,データサイエンス
・研究室運営は学生主体でサークル的.先輩と親しくなるとよさそう